<?xml version="1.0" encoding="UTF-8"?>
<!-- Generated by org.testng.reporters.JUnitReportReporter -->
<testsuite skipped="0" hostname="LAPTOP-LTIBGD6U" name="helloworld_sk.TestHelloWorld" tests="1" failures="0" timestamp="2021-02-24T17:25:40 IST" time="0.004" errors="0">
  <testcase name="testHelloWorld" time="0.004" classname="helloworld_sk.TestHelloWorld"/>
  <system-out/>
</testsuite> <!-- helloworld_sk.TestHelloWorld -->
