<?xml version="1.0" encoding="UTF-8"?>
<!-- Generated by org.testng.reporters.JUnitReportReporter -->
<testsuite skipped="1" hostname="LAPTOP-LTIBGD6U" name="demo.TestNGDependencyDemo" tests="7" failures="0" timestamp="2021-02-26T12:30:03 IST" time="0.009" errors="0">
  <testcase name="Test3" time="0.006" classname="demo.TestNGDependencyDemo"/>
  <system-out/>
  <testcase name="Test1" time="0.000" classname="demo.TestNGDependencyDemo"/>
  <system-out/>
  <testcase name="Test4" time="0.001" classname="demo.TestNGDependencyDemo"/>
  <system-out/>
  <testcase name="Test6" time="0.001" classname="demo.TestNGDependencyDemo"/>
  <system-out/>
  <testcase name="Test5" time="0.001" classname="demo.TestNGDependencyDemo"/>
  <system-out/>
  <testcase name="Test2" time="0.000" classname="demo.TestNGDependencyDemo"/>
  <system-out/>
  <testcase name="Test7" classname="demo.TestNGDependencyDemo">
    <skipped/>
  </testcase> <!-- Test7 -->
  <system-out/>
</testsuite> <!-- demo.TestNGDependencyDemo -->
