<?xml version="1.0" encoding="UTF-8"?>
<!-- Generated by org.testng.reporters.JUnitReportReporter -->
<testsuite skipped="1" hostname="LAPTOP-LTIBGD6U" name="listeners.TestNGListenersDemo2" tests="3" failures="0" timestamp="2021-02-26T00:25:28 IST" time="0.004" errors="0">
  <testcase name="Test5" time="0.002" classname="listeners.TestNGListenersDemo2"/>
  <system-out/>
  <testcase name="Test4" time="0.001" classname="listeners.TestNGListenersDemo2"/>
  <system-out/>
  <testcase name="Test6" time="0.001" classname="listeners.TestNGListenersDemo2">
    <skipped/>
  </testcase> <!-- Test6 -->
  <system-out/>
</testsuite> <!-- listeners.TestNGListenersDemo2 -->
