<?xml version="1.0" encoding="UTF-8"?>
<!-- Generated by org.testng.reporters.JUnitReportReporter -->
<testsuite skipped="0" hostname="LAPTOP-LTIBGD6U" name="demo.TestNGGroups" tests="2" failures="0" timestamp="2021-02-26T11:24:49 IST" time="0.006" errors="0">
  <testcase name="Test1" time="0.006" classname="demo.TestNGGroups"/>
  <system-out/>
  <testcase name="Test4" time="0.000" classname="demo.TestNGGroups"/>
  <system-out/>
</testsuite> <!-- demo.TestNGGroups -->
