<?xml version="1.0" encoding="UTF-8"?>
<!-- Generated by org.testng.reporters.JUnitReportReporter -->
<testsuite skipped="0" hostname="LAPTOP-LTIBGD6U" name="helloworld_sk.TestNG_Demo2" tests="1" failures="0" timestamp="2021-02-25T19:21:30 IST" time="2.256" errors="0">
  <testcase name="googleSearch2" time="2.256" classname="helloworld_sk.TestNG_Demo2"/>
  <system-out/>
</testsuite> <!-- helloworld_sk.TestNG_Demo2 -->
