<?xml version="1.0" encoding="UTF-8"?>
<!-- Generated by org.testng.reporters.JUnitReportReporter -->
<testsuite skipped="0" hostname="LAPTOP-LTIBGD6U" name="demo.KatalonRecorderTest1" tests="1" failures="0" timestamp="2021-02-26T12:51:26 IST" time="13.968" errors="0">
  <testcase name="testKatalonRecorderTest1" time="13.968" classname="demo.KatalonRecorderTest1"/>
  <system-out/>
</testsuite> <!-- demo.KatalonRecorderTest1 -->
