<?xml version="1.0" encoding="UTF-8"?>
<!-- Generated by org.testng.reporters.JUnitReportReporter -->
<testsuite skipped="0" hostname="LAPTOP-LTIBGD6U" name="demo.MultiBrowsers" tests="2" failures="0" timestamp="2021-02-26T00:55:57 IST" time="13.986" errors="0">
  <testcase name="work" time="6.065" classname="demo.MultiBrowsers"/>
  <system-out/>
  <testcase name="work" time="7.921" classname="demo.MultiBrowsers"/>
  <system-out/>
</testsuite> <!-- demo.MultiBrowsers -->
